[0709/145100.388:ERROR:crash_report_database_win.cc(428)] unexpected header
[0709/145134.775:ERROR:crash_report_database_win.cc(428)] unexpected header
[0709/150100.388:ERROR:crash_report_database_win.cc(428)] unexpected header
[0709/150100.388:ERROR:crash_report_database_win.cc(428)] unexpected header
[0709/150600.393:ERROR:crash_report_database_win.cc(428)] unexpected header
[0709/152100.394:ERROR:crash_report_database_win.cc(428)] unexpected header
[0709/154023.995:ERROR:crash_report_database_win.cc(428)] unexpected header
[0709/155523.996:ERROR:crash_report_database_win.cc(428)] unexpected header
[0709/161024.001:ERROR:crash_report_database_win.cc(428)] unexpected header
[0709/162524.003:ERROR:crash_report_database_win.cc(428)] unexpected header
[0709/164024.005:ERROR:crash_report_database_win.cc(428)] unexpected header
[0709/164510.056:ERROR:crash_report_database_win.cc(428)] unexpected header
[0709/165524.008:ERROR:crash_report_database_win.cc(428)] unexpected header
[0709/171024.010:ERROR:crash_report_database_win.cc(428)] unexpected header
[0709/172524.011:ERROR:crash_report_database_win.cc(428)] unexpected header
[0709/174024.014:ERROR:crash_report_database_win.cc(428)] unexpected header
[0709/174109.324:ERROR:process_info.cc(359)] UncheckedAllocate
[0709/174109.410:ERROR:crash_report_database_win.cc(428)] unexpected header
[0711/190151.774:ERROR:process_memory_win.cc(73)] ReadMemory at 0x25d8af60750 of 72 bytes failed: Запрос ReadProcessMemory или WriteProcessMemory был выполнен только частично. (0x12B)
[0711/190151.882:WARNING:pe_image_annotations_reader.cc(134)] could not read annotations list object in C:\Program Files (x86)\Google\Chrome\Application\75.0.3770.100\chrome_elf.dll
[0711/190151.882:ERROR:process_memory_win.cc(73)] ReadMemory at 0x7ffb50970000 of 64 bytes failed: Запрос ReadProcessMemory или WriteProcessMemory был выполнен только частично. (0x12B)
[0711/190151.882:WARNING:pe_image_reader.cc(340)] could not read dos header from C:\Windows\SYSTEM32\VERSION.dll
[0711/190151.882:ERROR:process_memory_win.cc(73)] ReadMemory at 0x7ffb50970000 of 64 bytes failed: Запрос ReadProcessMemory или WriteProcessMemory был выполнен только частично. (0x12B)
[0711/190151.882:WARNING:pe_image_reader.cc(340)] could not read dos header from C:\Windows\SYSTEM32\VERSION.dll
[0711/190151.882:ERROR:process_memory_win.cc(73)] ReadMemory at 0x7ffb58f90000 of 64 bytes failed: Запрос ReadProcessMemory или WriteProcessMemory был выполнен только частично. (0x12B)
[0711/190151.882:WARNING:pe_image_reader.cc(340)] could not read dos header from C:\Windows\SYSTEM32\WINMM.dll
[0711/190151.882:ERROR:process_memory_win.cc(73)] ReadMemory at 0x7ffb58f90000 of 64 bytes failed: Запрос ReadProcessMemory или WriteProcessMemory был выполнен только частично. (0x12B)
[0711/190151.882:WARNING:pe_image_reader.cc(340)] could not read dos header from C:\Windows\SYSTEM32\WINMM.dll
[0711/190151.883:ERROR:process_memory_win.cc(73)] ReadMemory at 0x7ffb5fe50000 of 64 bytes failed: Запрос ReadProcessMemory или WriteProcessMemory был выполнен только частично. (0x12B)
[0711/190151.883:WARNING:pe_image_reader.cc(340)] could not read dos header from C:\Windows\SYSTEM32\USERENV.dll
[0711/190151.883:ERROR:process_memory_win.cc(73)] ReadMemory at 0x7ffb5fe50000 of 64 bytes failed: Запрос ReadProcessMemory или WriteProcessMemory был выполнен только частично. (0x12B)
[0711/190151.883:WARNING:pe_image_reader.cc(340)] could not read dos header from C:\Windows\SYSTEM32\USERENV.dll
[0711/190151.883:ERROR:process_memory_win.cc(73)] ReadMemory at 0x7ffb58f60000 of 64 bytes failed: Запрос ReadProcessMemory или WriteProcessMemory был выполнен только частично. (0x12B)
[0711/190151.883:WARNING:pe_image_reader.cc(340)] could not read dos header from C:\Windows\SYSTEM32\WINMMBASE.dll
[0711/190151.883:ERROR:process_memory_win.cc(73)] ReadMemory at 0x7ffb58f60000 of 64 bytes failed: Запрос ReadProcessMemory или WriteProcessMemory был выполнен только частично. (0x12B)
[0711/190151.883:WARNING:pe_image_reader.cc(340)] could not read dos header from C:\Windows\SYSTEM32\WINMMBASE.dll
[0711/190151.883:ERROR:process_memory_win.cc(73)] ReadMemory at 0x7ffb5f960000 of 64 bytes failed: Запрос ReadProcessMemory или WriteProcessMemory был выполнен только частично. (0x12B)
[0711/190151.883:WARNING:pe_image_reader.cc(340)] could not read dos header from C:\Windows\SYSTEM32\CRYPTBASE.DLL
[0711/190151.883:ERROR:process_memory_win.cc(73)] ReadMemory at 0x7ffb5f960000 of 64 bytes failed: Запрос ReadProcessMemory или WriteProcessMemory был выполнен только частично. (0x12B)
[0711/190151.883:WARNING:pe_image_reader.cc(340)] could not read dos header from C:\Windows\SYSTEM32\CRYPTBASE.DLL
[0711/190151.883:ERROR:process_memory_win.cc(73)] ReadMemory at 0x7ffb63c00000 of 64 bytes failed: Запрос ReadProcessMemory или WriteProcessMemory был выполнен только частично. (0x12B)
[0711/190151.883:WARNING:pe_image_reader.cc(340)] could not read dos header from C:\Windows\System32\IMM32.DLL
[0711/190151.883:ERROR:process_memory_win.cc(73)] ReadMemory at 0x7ffb63c00000 of 64 bytes failed: Запрос ReadProcessMemory или WriteProcessMemory был выполнен только частично. (0x12B)
[0711/190151.883:WARNING:pe_image_reader.cc(340)] could not read dos header from C:\Windows\System32\IMM32.DLL
[0711/190151.884:ERROR:process_memory_win.cc(73)] ReadMemory at 0x7ffb17c50000 of 64 bytes failed: Запрос ReadProcessMemory или WriteProcessMemory был выполнен только частично. (0x12B)
[0711/190151.884:WARNING:pe_image_reader.cc(340)] could not read dos header from C:\Program Files (x86)\Google\Chrome\Application\75.0.3770.100\chrome_child.dll
[0711/190151.884:ERROR:process_memory_win.cc(73)] ReadMemory at 0x7ffb17c50000 of 64 bytes failed: Запрос ReadProcessMemory или WriteProcessMemory был выполнен только частично. (0x12B)
[0711/190151.884:WARNING:pe_image_reader.cc(340)] could not read dos header from C:\Program Files (x86)\Google\Chrome\Application\75.0.3770.100\chrome_child.dll
[0711/190151.884:ERROR:process_memory_win.cc(73)] ReadMemory at 0x7ffb63ca0000 of 64 bytes failed: Запрос ReadProcessMemory или WriteProcessMemory был выполнен только частично. (0x12B)
[0711/190151.884:WARNING:pe_image_reader.cc(340)] could not read dos header from C:\Windows\System32\WS2_32.dll
[0711/190151.884:ERROR:process_memory_win.cc(73)] ReadMemory at 0x7ffb63ca0000 of 64 bytes failed: Запрос ReadProcessMemory или WriteProcessMemory был выполнен только частично. (0x12B)
[0711/190151.884:WARNING:pe_image_reader.cc(340)] could not read dos header from C:\Windows\System32\WS2_32.dll
[0711/190151.884:ERROR:process_memory_win.cc(73)] ReadMemory at 0x25d8b170000 of 64 bytes failed: Запрос ReadProcessMemory или WriteProcessMemory был выполнен только частично. (0x12B)
[0711/190151.884:WARNING:pe_image_reader.cc(340)] could not read dos header from C:\Windows\System32\ole32.dll
[0711/190151.884:ERROR:process_memory_win.cc(73)] ReadMemory at 0x25d8b170000 of 64 bytes failed: Запрос ReadProcessMemory или WriteProcessMemory был выполнен только частично. (0x12B)
[0711/190151.884:WARNING:pe_image_reader.cc(340)] could not read dos header from C:\Windows\System32\ole32.dll
[0711/190151.884:ERROR:process_memory_win.cc(73)] ReadMemory at 0x7ffb63a30000 of 64 bytes failed: Запрос ReadProcessMemory или WriteProcessMemory был выполнен только частично. (0x12B)
[0711/190151.884:WARNING:pe_image_reader.cc(340)] could not read dos header from C:\Windows\System32\OLEAUT32.dll
[0711/190151.884:ERROR:process_memory_win.cc(73)] ReadMemory at 0x7ffb63a30000 of 64 bytes failed: Запрос ReadProcessMemory или WriteProcessMemory был выполнен только частично. (0x12B)
[0711/190151.884:WARNING:pe_image_reader.cc(340)] could not read dos header from C:\Windows\System32\OLEAUT32.dll
[0711/190151.884:ERROR:process_memory_win.cc(73)] ReadMemory at 0x7ffb61000000 of 64 bytes failed: Запрос ReadProcessMemory или WriteProcessMemory был выполнен только частично. (0x12B)
[0711/190151.884:WARNING:pe_image_reader.cc(340)] could not read dos header from C:\Windows\System32\WINTRUST.dll
[0711/190151.884:ERROR:process_memory_win.cc(73)] ReadMemory at 0x7ffb61000000 of 64 bytes failed: Запрос ReadProcessMemory или WriteProcessMemory был выполнен только частично. (0x12B)
[0711/190151.884:WARNING:pe_image_reader.cc(340)] could not read dos header from C:\Windows\System32\WINTRUST.dll
[0711/190151.884:ERROR:process_memory_win.cc(73)] ReadMemory at 0x7ffb5ff20000 of 64 bytes failed: Запрос ReadProcessMemory или WriteProcessMemory был выполнен только частично. (0x12B)
[0711/190151.884:WARNING:pe_image_reader.cc(340)] could not read dos header from C:\Windows\System32\MSASN1.dll
[0711/190151.884:ERROR:process_memory_win.cc(73)] ReadMemory at 0x7ffb5ff20000 of 64 bytes failed: Запрос ReadProcessMemory или WriteProcessMemory был выполнен только частично. (0x12B)
[0711/190151.884:WARNING:pe_image_reader.cc(340)] could not read dos header from C:\Windows\System32\MSASN1.dll
[0711/190151.885:ERROR:process_memory_win.cc(73)] ReadMemory at 0x7ffb60190000 of 64 bytes failed: Запрос ReadProcessMemory или WriteProcessMemory был выполнен только частично. (0x12B)
[0711/190151.885:WARNING:pe_image_reader.cc(340)] could not read dos header from C:\Windows\System32\CRYPT32.dll
[0711/190151.885:ERROR:process_memory_win.cc(73)] ReadMemory at 0x7ffb60190000 of 64 bytes failed: Запрос ReadProcessMemory или WriteProcessMemory был выполнен только частично. (0x12B)
[0711/190151.885:WARNING:pe_image_reader.cc(340)] could not read dos header from C:\Windows\System32\CRYPT32.dll
[0711/190151.885:ERROR:process_memory_win.cc(73)] ReadMemory at 0x7ffb63670000 of 64 bytes failed: Запрос ReadProcessMemory или WriteProcessMemory был выполнен только частично. (0x12B)
[0711/190151.885:WARNING:pe_image_reader.cc(340)] could not read dos header from C:\Windows\System32\COMDLG32.dll
[0711/190151.885:ERROR:process_memory_win.cc(73)] ReadMemory at 0x7ffb63670000 of 64 bytes failed: Запрос ReadProcessMemory или WriteProcessMemory был выполнен только частично. (0x12B)
[0711/190151.885:WARNING:pe_image_reader.cc(340)] could not read dos header from C:\Windows\System32\COMDLG32.dll
[0711/190151.885:ERROR:process_memory_win.cc(73)] ReadMemory at 0x7ffb5f4f0000 of 64 bytes failed: Запрос ReadProcessMemory или WriteProcessMemory был выполнен только частично. (0x12B)
[0711/190151.885:WARNING:pe_image_reader.cc(340)] could not read dos header from C:\Windows\SYSTEM32\IPHLPAPI.DLL
[0711/190151.885:ERROR:process_memory_win.cc(73)] ReadMemory at 0x7ffb5f4f0000 of 64 bytes failed: Запрос ReadProcessMemory или WriteProcessMemory был выполнен только частично. (0x12B)
[0711/190151.885:WARNING:pe_image_reader.cc(340)] could not read dos header from C:\Windows\SYSTEM32\IPHLPAPI.DLL
[0711/190151.885:ERROR:process_memory_win.cc(73)] ReadMemory at 0x7ffb4d090000 of 64 bytes failed: Запрос ReadProcessMemory или WriteProcessMemory был выполнен только частично. (0x12B)
[0711/190151.885:WARNING:pe_image_reader.cc(340)] could not read dos header from C:\Windows\SYSTEM32\OLEACC.dll
[0711/190151.885:ERROR:process_memory_win.cc(73)] ReadMemory at 0x7ffb4d090000 of 64 bytes failed: Запрос ReadProcessMemory или WriteProcessMemory был выполнен только частично. (0x12B)
[0711/190151.885:WARNING:pe_image_reader.cc(340)] could not read dos header from C:\Windows\SYSTEM32\OLEACC.dll
[0711/190151.885:ERROR:process_memory_win.cc(73)] ReadMemory at 0x7ffb53bb0000 of 64 bytes failed: Запрос ReadProcessMemory или WriteProcessMemory был выполнен только частично. (0x12B)
[0711/190151.885:WARNING:pe_image_reader.cc(340)] could not read dos header from C:\Windows\SYSTEM32\UIAutomationCore.DLL
[0711/190151.885:ERROR:process_memory_win.cc(73)] ReadMemory at 0x7ffb53bb0000 of 64 bytes failed: Запрос ReadProcessMemory или WriteProcessMemory был выполнен только частично. (0x12B)
[0711/190151.885:WARNING:pe_image_reader.cc(340)] could not read dos header from C:\Windows\SYSTEM32\UIAutomationCore.DLL
[0711/190151.885:ERROR:process_memory_win.cc(73)] ReadMemory at 0x7ffb5eb70000 of 64 bytes failed: Запрос ReadProcessMemory или WriteProcessMemory был выполнен только частично. (0x12B)
[0711/190151.885:WARNING:pe_image_reader.cc(340)] could not read dos header from C:\Windows\SYSTEM32\WTSAPI32.dll
[0711/190151.885:ERROR:process_memory_win.cc(73)] ReadMemory at 0x7ffb5eb70000 of 64 bytes failed: Запрос ReadProcessMemory или WriteProcessMemory был выполнен только частично. (0x12B)
[0711/190151.885:WARNING:pe_image_reader.cc(340)] could not read dos header from C:\Windows\SYSTEM32\WTSAPI32.dll
[0711/190151.885:ERROR:process_memory_win.cc(73)] ReadMemory at 0x7ffb48d50000 of 64 bytes failed: Запрос ReadProcessMemory или WriteProcessMemory был выполнен только частично. (0x12B)
[0711/190151.885:WARNING:pe_image_reader.cc(340)] could not read dos header from C:\Windows\SYSTEM32\DWrite.dll
[0711/190151.885:ERROR:process_memory_win.cc(73)] ReadMemory at 0x7ffb48d50000 of 64 bytes failed: Запрос ReadProcessMemory или WriteProcessMemory был выполнен только частично. (0x12B)
[0711/190151.885:WARNING:pe_image_reader.cc(340)] could not read dos header from C:\Windows\SYSTEM32\DWrite.dll
[0711/190151.885:ERROR:process_memory_win.cc(73)] ReadMemory at 0x7ffb5ed60000 of 64 bytes failed: Запрос ReadProcessMemory или WriteProcessMemory был выполнен только частично. (0x12B)
[0711/190151.885:WARNING:pe_image_reader.cc(340)] could not read dos header from C:\Windows\SYSTEM32\dxgi.dll
[0711/190151.885:ERROR:process_memory_win.cc(73)] ReadMemory at 0x7ffb5ed60000 of 64 bytes failed: Запрос ReadProcessMemory или WriteProcessMemory был выполнен только частично. (0x12B)
[0711/190151.886:WARNING:pe_image_reader.cc(340)] could not read dos header from C:\Windows\SYSTEM32\dxgi.dll
[0711/190151.886:ERROR:process_memory_win.cc(73)] ReadMemory at 0x7ffb4d130000 of 64 bytes failed: Запрос ReadProcessMemory или WriteProcessMemory был выполнен только частично. (0x12B)
[0711/190151.886:WARNING:pe_image_reader.cc(340)] could not read dos header from C:\Windows\SYSTEM32\WINSPOOL.DRV
[0711/190151.886:ERROR:process_memory_win.cc(73)] ReadMemory at 0x7ffb4d130000 of 64 bytes failed: Запрос ReadProcessMemory или WriteProcessMemory был выполнен только частично. (0x12B)
[0711/190151.886:WARNING:pe_image_reader.cc(340)] could not read dos header from C:\Windows\SYSTEM32\WINSPOOL.DRV
[0711/190151.886:ERROR:process_memory_win.cc(73)] ReadMemory at 0x7ffb61100000 of 64 bytes failed: Запрос ReadProcessMemory или WriteProcessMemory был выполнен только частично. (0x12B)
[0711/190151.886:WARNING:pe_image_reader.cc(340)] could not read dos header from C:\Windows\System32\bcrypt.dll
[0711/190151.886:ERROR:process_memory_win.cc(73)] ReadMemory at 0x7ffb61100000 of 64 bytes failed: Запрос ReadProcessMemory или WriteProcessMemory был выполнен только частично. (0x12B)
[0711/190151.886:WARNING:pe_image_reader.cc(340)] could not read dos header from C:\Windows\System32\bcrypt.dll
[0711/190151.886:ERROR:process_memory_win.cc(73)] ReadMemory at 0x7ffb58760000 of 64 bytes failed: Запрос ReadProcessMemory или WriteProcessMemory был выполнен только частично. (0x12B)
[0711/190151.886:WARNING:pe_image_reader.cc(340)] could not read dos header from C:\Windows\SYSTEM32\dbghelp.dll
[0711/190151.886:ERROR:process_memory_win.cc(73)] ReadMemory at 0x7ffb58760000 of 64 bytes failed: Запрос ReadProcessMemory или WriteProcessMemory был выполнен только частично. (0x12B)
[0711/190151.886:WARNING:pe_image_reader.cc(340)] could not read dos header from C:\Windows\SYSTEM32\dbghelp.dll
[0711/190151.886:ERROR:process_memory_win.cc(73)] ReadMemory at 0x7ffb4c980000 of 64 bytes failed: Запрос ReadProcessMemory или WriteProcessMemory был выполнен только частично. (0x12B)
[0711/190151.886:WARNING:pe_image_reader.cc(340)] could not read dos header from C:\Windows\WinSxS\amd64_microsoft.windows.common-controls_6595b64144ccf1df_6.0.17763.615_none_05b4414a072024d4\COMCTL32.dll
[0711/190151.886:ERROR:process_memory_win.cc(73)] ReadMemory at 0x7ffb4c980000 of 64 bytes failed: Запрос ReadProcessMemory или WriteProcessMemory был выполнен только частично. (0x12B)
[0711/190151.886:WARNING:pe_image_reader.cc(340)] could not read dos header from C:\Windows\WinSxS\amd64_microsoft.windows.common-controls_6595b64144ccf1df_6.0.17763.615_none_05b4414a072024d4\COMCTL32.dll
[0711/190151.886:ERROR:process_memory_win.cc(73)] ReadMemory at 0x7ffb3c700000 of 64 bytes failed: Запрос ReadProcessMemory или WriteProcessMemory был выполнен только частично. (0x12B)
[0711/190151.886:WARNING:pe_image_reader.cc(340)] could not read dos header from C:\Windows\SYSTEM32\USP10.dll
[0711/190151.886:ERROR:process_memory_win.cc(73)] ReadMemory at 0x7ffb3c700000 of 64 bytes failed: Запрос ReadProcessMemory или WriteProcessMemory был выполнен только частично. (0x12B)
[0711/190151.886:WARNING:pe_image_reader.cc(340)] could not read dos header from C:\Windows\SYSTEM32\USP10.dll
[0711/190151.886:ERROR:process_memory_win.cc(73)] ReadMemory at 0x7ffb54530000 of 64 bytes failed: Запрос ReadProcessMemory или WriteProcessMemory был выполнен только частично. (0x12B)
[0711/190151.886:WARNING:pe_image_reader.cc(340)] could not read dos header from C:\Windows\SYSTEM32\WINHTTP.dll
[0711/190151.886:ERROR:process_memory_win.cc(73)] ReadMemory at 0x7ffb54530000 of 64 bytes failed: Запрос ReadProcessMemory или WriteProcessMemory был выполнен только частично. (0x12B)
[0711/190151.886:WARNING:pe_image_reader.cc(340)] could not read dos header from C:\Windows\SYSTEM32\WINHTTP.dll
[0711/190151.886:ERROR:process_memory_win.cc(73)] ReadMemory at 0x7ffb58c60000 of 64 bytes failed: Запрос ReadProcessMemory или WriteProcessMemory был выполнен только частично. (0x12B)
[0711/190151.886:WARNING:pe_image_reader.cc(340)] could not read dos header from C:\Windows\SYSTEM32\urlmon.dll
[0711/190151.886:ERROR:process_memory_win.cc(73)] ReadMemory at 0x7ffb58c60000 of 64 bytes failed: Запрос ReadProcessMemory или WriteProcessMemory был выполнен только частично. (0x12B)
[0711/190151.886:WARNING:pe_image_reader.cc(340)] could not read dos header from C:\Windows\SYSTEM32\urlmon.dll
[0711/190151.886:ERROR:process_memory_win.cc(73)] ReadMemory at 0x7ffb5bb70000 of 64 bytes failed: Запрос ReadProcessMemory или WriteProcessMemory был выполнен только частично. (0x12B)
[0711/190151.886:WARNING:pe_image_reader.cc(340)] could not read dos header from C:\Windows\SYSTEM32\Secur32.dll
[0711/190151.887:ERROR:process_memory_win.cc(73)] ReadMemory at 0x7ffb5bb70000 of 64 bytes failed: Запрос ReadProcessMemory или WriteProcessMemory был выполнен только частично. (0x12B)
[0711/190151.887:WARNING:pe_image_reader.cc(340)] could not read dos header from C:\Windows\SYSTEM32\Secur32.dll
[0711/190151.887:ERROR:process_memory_win.cc(73)] ReadMemory at 0x7ffb5a280000 of 64 bytes failed: Запрос ReadProcessMemory или WriteProcessMemory был выполнен только частично. (0x12B)
[0711/190151.887:WARNING:pe_image_reader.cc(340)] could not read dos header from C:\Windows\SYSTEM32\dhcpcsvc.DLL
[0711/190151.887:ERROR:process_memory_win.cc(73)] ReadMemory at 0x7ffb5a280000 of 64 bytes failed: Запрос ReadProcessMemory или WriteProcessMemory был выполнен только частично. (0x12B)
[0711/190151.887:WARNING:pe_image_reader.cc(340)] could not read dos header from C:\Windows\SYSTEM32\dhcpcsvc.DLL
[0711/190151.887:ERROR:process_memory_win.cc(73)] ReadMemory at 0x7ffb63c90000 of 64 bytes failed: Запрос ReadProcessMemory или WriteProcessMemory был выполнен только частично. (0x12B)
[0711/190151.887:WARNING:pe_image_reader.cc(340)] could not read dos header from C:\Windows\System32\NSI.dll
[0711/190151.887:ERROR:process_memory_win.cc(73)] ReadMemory at 0x7ffb63c90000 of 64 bytes failed: Запрос ReadProcessMemory или WriteProcessMemory был выполнен только частично. (0x12B)
[0711/190151.887:WARNING:pe_image_reader.cc(340)] could not read dos header from C:\Windows\System32\NSI.dll
[0711/190151.887:ERROR:process_memory_win.cc(73)] ReadMemory at 0x7ffb57240000 of 64 bytes failed: Запрос ReadProcessMemory или WriteProcessMemory был выполнен только частично. (0x12B)
[0711/190151.887:WARNING:pe_image_reader.cc(340)] could not read dos header from C:\Windows\SYSTEM32\Bcp47Langs.dll
[0711/190151.887:ERROR:process_memory_win.cc(73)] ReadMemory at 0x7ffb57240000 of 64 bytes failed: Запрос ReadProcessMemory или WriteProcessMemory был выполнен только частично. (0x12B)
[0711/190151.887:WARNING:pe_image_reader.cc(340)] could not read dos header from C:\Windows\SYSTEM32\Bcp47Langs.dll
[0711/190151.887:ERROR:process_memory_win.cc(73)] ReadMemory at 0x7ffb5d970000 of 64 bytes failed: Запрос ReadProcessMemory или WriteProcessMemory был выполнен только частично. (0x12B)
[0711/190151.887:WARNING:pe_image_reader.cc(340)] could not read dos header from C:\Windows\SYSTEM32\PROPSYS.dll
[0711/190151.887:ERROR:process_memory_win.cc(73)] ReadMemory at 0x7ffb5d970000 of 64 bytes failed: Запрос ReadProcessMemory или WriteProcessMemory был выполнен только частично. (0x12B)
[0711/190151.887:WARNING:pe_image_reader.cc(340)] could not read dos header from C:\Windows\SYSTEM32\PROPSYS.dll
[0711/190151.887:ERROR:process_memory_win.cc(73)] ReadMemory at 0x7ffb58070000 of 64 bytes failed: Запрос ReadProcessMemory или WriteProcessMemory был выполнен только частично. (0x12B)
[0711/190151.887:WARNING:pe_image_reader.cc(340)] could not read dos header from C:\Windows\SYSTEM32\iertutil.dll
[0711/190151.887:ERROR:process_memory_win.cc(73)] ReadMemory at 0x7ffb58070000 of 64 bytes failed: Запрос ReadProcessMemory или WriteProcessMemory был выполнен только частично. (0x12B)
[0711/190151.887:WARNING:pe_image_reader.cc(340)] could not read dos header from C:\Windows\SYSTEM32\iertutil.dll
[0711/190151.887:ERROR:process_memory_win.cc(73)] ReadMemory at 0x7ffb5fe20000 of 64 bytes failed: Запрос ReadProcessMemory или WriteProcessMemory был выполнен только частично. (0x12B)
[0711/190151.887:WARNING:pe_image_reader.cc(340)] could not read dos header from C:\Windows\SYSTEM32\SSPICLI.DLL
[0711/190151.887:ERROR:process_memory_win.cc(73)] ReadMemory at 0x7ffb5fe20000 of 64 bytes failed: Запрос ReadProcessMemory или WriteProcessMemory был выполнен только частично. (0x12B)
[0711/190151.887:WARNING:pe_image_reader.cc(340)] could not read dos header from C:\Windows\SYSTEM32\SSPICLI.DLL
[0711/190151.919:ERROR:process_memory_win.cc(73)] ReadMemory at 0x7ff6eeab0000 of 64 bytes failed: Запрос ReadProcessMemory или WriteProcessMemory был выполнен только частично. (0x12B)
[0711/190151.919:WARNING:pe_image_reader.cc(340)] could not read dos header from C:\Program Files (x86)\Google\Chrome\Application\chrome.exe
[0711/190151.919:ERROR:process_memory_win.cc(73)] ReadMemory at 0x7ffb63f20000 of 64 bytes failed: Запрос ReadProcessMemory или WriteProcessMemory был выполнен только частично. (0x12B)
[0711/190151.919:WARNING:pe_image_reader.cc(340)] could not read dos header from C:\Windows\SYSTEM32\ntdll.dll
[0711/190151.920:ERROR:process_memory_win.cc(73)] ReadMemory at 0x7ffb61750000 of 64 bytes failed: Запрос ReadProcessMemory или WriteProcessMemory был выполнен только частично. (0x12B)
[0711/190151.920:WARNING:pe_image_reader.cc(340)] could not read dos header from C:\Windows\System32\KERNEL32.DLL
[0711/190151.920:ERROR:process_memory_win.cc(73)] ReadMemory at 0x7ffb60610000 of 64 bytes failed: Запрос ReadProcessMemory или WriteProcessMemory был выполнен только частично. (0x12B)
[0711/190151.920:WARNING:pe_image_reader.cc(340)] could not read dos header from C:\Windows\System32\KERNELBASE.dll
[0711/190151.920:ERROR:process_memory_win.cc(73)] ReadMemory at 0x7ffb61a60000 of 64 bytes failed: Запрос ReadProcessMemory или WriteProcessMemory был выполнен только частично. (0x12B)
[0711/190151.920:WARNING:pe_image_reader.cc(340)] could not read dos header from C:\Windows\System32\SHELL32.dll
[0711/190151.920:ERROR:process_memory_win.cc(73)] ReadMemory at 0x7ffb635d0000 of 64 bytes failed: Запрос ReadProcessMemory или WriteProcessMemory был выполнен только частично. (0x12B)
[0711/190151.920:WARNING:pe_image_reader.cc(340)] could not read dos header from C:\Windows\System32\msvcrt.dll
[0711/190151.920:ERROR:process_memory_win.cc(73)] ReadMemory at 0x7ffb603f0000 of 64 bytes failed: Запрос ReadProcessMemory или WriteProcessMemory был выполнен только частично. (0x12B)
[0711/190151.920:WARNING:pe_image_reader.cc(340)] could not read dos header from C:\Windows\System32\cfgmgr32.dll
[0711/190151.920:ERROR:process_memory_win.cc(73)] ReadMemory at 0x7ffb604f0000 of 64 bytes failed: Запрос ReadProcessMemory или WriteProcessMemory был выполнен только частично. (0x12B)
[0711/190151.920:WARNING:pe_image_reader.cc(340)] could not read dos header from C:\Windows\System32\ucrtbase.dll
[0711/190151.920:ERROR:process_memory_win.cc(73)] ReadMemory at 0x7ffb637b0000 of 64 bytes failed: Запрос ReadProcessMemory или WriteProcessMemory был выполнен только частично. (0x12B)
[0711/190151.920:WARNING:pe_image_reader.cc(340)] could not read dos header from C:\Windows\System32\shcore.dll
[0711/190151.920:ERROR:process_memory_win.cc(73)] ReadMemory at 0x7ffb634a0000 of 64 bytes failed: Запрос ReadProcessMemory или WriteProcessMemory был выполнен только частично. (0x12B)
[0711/190151.920:WARNING:pe_image_reader.cc(340)] could not read dos header from C:\Windows\System32\RPCRT4.dll
[0711/190151.920:ERROR:process_memory_win.cc(73)] ReadMemory at 0x7ffb61420000 of 64 bytes failed: Запрос ReadProcessMemory или WriteProcessMemory был выполнен только частично. (0x12B)
[0711/190151.920:WARNING:pe_image_reader.cc(340)] could not read dos header from C:\Windows\System32\combase.dll
[0711/190151.920:ERROR:process_memory_win.cc(73)] ReadMemory at 0x7ffb60370000 of 64 bytes failed: Запрос ReadProcessMemory или WriteProcessMemory был выполнен только частично. (0x12B)
[0711/190151.920:WARNING:pe_image_reader.cc(340)] could not read dos header from C:\Windows\System32\bcryptPrimitives.dll
[0711/190151.920:ERROR:process_memory_win.cc(73)] ReadMemory at 0x7ffb608b0000 of 64 bytes failed: Запрос ReadProcessMemory или WriteProcessMemory был выполнен только частично. (0x12B)
[0711/190151.920:WARNING:pe_image_reader.cc(340)] could not read dos header from C:\Windows\System32\windows.storage.dll
[0711/190151.920:ERROR:process_memory_win.cc(73)] ReadMemory at 0x7ffb61060000 of 64 bytes failed: Запрос ReadProcessMemory или WriteProcessMemory был выполнен только частично. (0x12B)
[0711/190151.920:WARNING:pe_image_reader.cc(340)] could not read dos header from C:\Windows\System32\msvcp_win.dll
[0711/190151.920:ERROR:process_memory_win.cc(73)] ReadMemory at 0x7ffb63b00000 of 64 bytes failed: Запрос ReadProcessMemory или WriteProcessMemory был выполнен только частично. (0x12B)
[0711/190151.920:WARNING:pe_image_reader.cc(340)] could not read dos header from C:\Windows\System32\sechost.dll
[0711/190151.920:ERROR:process_memory_win.cc(73)] ReadMemory at 0x7ffb633f0000 of 64 bytes failed: Запрос ReadProcessMemory или WriteProcessMemory был выполнен только частично. (0x12B)
[0711/190151.920:WARNING:pe_image_reader.cc(340)] could not read dos header from C:\Windows\System32\advapi32.dll
[0711/190151.920:ERROR:process_memory_win.cc(73)] ReadMemory at 0x7ffb5ff40000 of 64 bytes failed: Запрос ReadProcessMemory или WriteProcessMemory был выполнен только частично. (0x12B)
[0711/190151.920:WARNING:pe_image_reader.cc(340)] could not read dos header from C:\Windows\System32\profapi.dll
[0711/190151.920:ERROR:process_memory_win.cc(73)] ReadMemory at 0x7ffb5ff70000 of 64 bytes failed: Запрос ReadProcessMemory или WriteProcessMemory был выполнен только частично. (0x12B)
[0711/190151.920:WARNING:pe_image_reader.cc(340)] could not read dos header from C:\Windows\System32\powrprof.dll
[0711/190151.920:ERROR:process_memory_win.cc(73)] ReadMemory at 0x7ffb63ba0000 of 64 bytes failed: Запрос ReadProcessMemory или WriteProcessMemory был выполнен только частично. (0x12B)
[0711/190151.921:WARNING:pe_image_reader.cc(340)] could not read dos header from C:\Windows\System32\shlwapi.dll
[0711/190151.921:ERROR:process_memory_win.cc(73)] ReadMemory at 0x7ffb63ec0000 of 64 bytes failed: Запрос ReadProcessMemory или WriteProcessMemory был выполнен только частично. (0x12B)
[0711/190151.921:WARNING:pe_image_reader.cc(340)] could not read dos header from C:\Windows\System32\GDI32.dll
[0711/190151.921:ERROR:process_memory_win.cc(73)] ReadMemory at 0x7ffb5fff0000 of 64 bytes failed: Запрос ReadProcessMemory или WriteProcessMemory был выполнен только частично. (0x12B)
[0711/190151.921:WARNING:pe_image_reader.cc(340)] could not read dos header from C:\Windows\System32\gdi32full.dll
[0711/190151.921:ERROR:process_memory_win.cc(73)] ReadMemory at 0x7ffb61150000 of 64 bytes failed: Запрос ReadProcessMemory или WriteProcessMemory был выполнен только частично. (0x12B)
[0711/190151.921:WARNING:pe_image_reader.cc(340)] could not read dos header from C:\Windows\System32\USER32.dll
[0711/190151.921:ERROR:process_memory_win.cc(73)] ReadMemory at 0x7ffb61130000 of 64 bytes failed: Запрос ReadProcessMemory или WriteProcessMemory был выполнен только частично. (0x12B)
[0711/190151.921:WARNING:pe_image_reader.cc(340)] could not read dos header from C:\Windows\System32\win32u.dll
[0711/190151.921:ERROR:process_memory_win.cc(73)] ReadMemory at 0x7ffb5ffd0000 of 64 bytes failed: Запрос ReadProcessMemory или WriteProcessMemory был выполнен только частично. (0x12B)
[0711/190151.921:WARNING:pe_image_reader.cc(340)] could not read dos header from C:\Windows\System32\kernel.appcore.dll
[0711/190151.921:ERROR:process_memory_win.cc(73)] ReadMemory at 0x7ffb605f0000 of 64 bytes failed: Запрос ReadProcessMemory или WriteProcessMemory был выполнен только частично. (0x12B)
[0711/190151.921:WARNING:pe_image_reader.cc(340)] could not read dos header from C:\Windows\System32\cryptsp.dll
[0711/190151.921:ERROR:process_memory_win.cc(73)] ReadMemory at 0x7ffb43260000 of 64 bytes failed: Запрос ReadProcessMemory или WriteProcessMemory был выполнен только частично. (0x12B)
[0711/190151.921:WARNING:pe_image_reader.cc(340)] could not read dos header from C:\Program Files (x86)\Google\Chrome\Application\75.0.3770.100\chrome_elf.dll
[0711/190151.921:ERROR:process_memory_win.cc(73)] ReadMemory at 0x7ffb50970000 of 64 bytes failed: Запрос ReadProcessMemory или WriteProcessMemory был выполнен только частично. (0x12B)
[0711/190151.921:WARNING:pe_image_reader.cc(340)] could not read dos header from C:\Windows\SYSTEM32\VERSION.dll
[0711/190151.921:ERROR:process_memory_win.cc(73)] ReadMemory at 0x7ffb58f90000 of 64 bytes failed: Запрос ReadProcessMemory или WriteProcessMemory был выполнен только частично. (0x12B)
[0711/190151.921:WARNING:pe_image_reader.cc(340)] could not read dos header from C:\Windows\SYSTEM32\WINMM.dll
[0711/190151.921:ERROR:process_memory_win.cc(73)] ReadMemory at 0x7ffb5fe50000 of 64 bytes failed: Запрос ReadProcessMemory или WriteProcessMemory был выполнен только частично. (0x12B)
[0711/190151.921:WARNING:pe_image_reader.cc(340)] could not read dos header from C:\Windows\SYSTEM32\USERENV.dll
[0711/190151.921:ERROR:process_memory_win.cc(73)] ReadMemory at 0x7ffb58f60000 of 64 bytes failed: Запрос ReadProcessMemory или WriteProcessMemory был выполнен только частично. (0x12B)
[0711/190151.921:WARNING:pe_image_reader.cc(340)] could not read dos header from C:\Windows\SYSTEM32\WINMMBASE.dll
[0711/190151.921:ERROR:process_memory_win.cc(73)] ReadMemory at 0x7ffb5f960000 of 64 bytes failed: Запрос ReadProcessMemory или WriteProcessMemory был выполнен только частично. (0x12B)
[0711/190151.921:WARNING:pe_image_reader.cc(340)] could not read dos header from C:\Windows\SYSTEM32\CRYPTBASE.DLL
[0711/190151.921:ERROR:process_memory_win.cc(73)] ReadMemory at 0x7ffb63c00000 of 64 bytes failed: Запрос ReadProcessMemory или WriteProcessMemory был выполнен только частично. (0x12B)
[0711/190151.921:WARNING:pe_image_reader.cc(340)] could not read dos header from C:\Windows\System32\IMM32.DLL
[0711/190151.921:ERROR:process_memory_win.cc(73)] ReadMemory at 0x7ffb17c50000 of 64 bytes failed: Запрос ReadProcessMemory или WriteProcessMemory был выполнен только частично. (0x12B)
[0711/190151.921:WARNING:pe_image_reader.cc(340)] could not read dos header from C:\Program Files (x86)\Google\Chrome\Application\75.0.3770.100\chrome_child.dll
[0711/190151.921:ERROR:process_memory_win.cc(73)] ReadMemory at 0x7ffb63ca0000 of 64 bytes failed: Запрос ReadProcessMemory или WriteProcessMemory был выполнен только частично. (0x12B)
[0711/190151.921:WARNING:pe_image_reader.cc(340)] could not read dos header from C:\Windows\System32\WS2_32.dll
[0711/190151.921:ERROR:process_memory_win.cc(73)] ReadMemory at 0x25d8b170000 of 64 bytes failed: Запрос ReadProcessMemory или WriteProcessMemory был выполнен только частично. (0x12B)
[0711/190151.921:WARNING:pe_image_reader.cc(340)] could not read dos header from C:\Windows\System32\ole32.dll
[0711/190151.922:ERROR:process_memory_win.cc(73)] ReadMemory at 0x7ffb63a30000 of 64 bytes failed: Запрос ReadProcessMemory или WriteProcessMemory был выполнен только частично. (0x12B)
[0711/190151.922:WARNING:pe_image_reader.cc(340)] could not read dos header from C:\Windows\System32\OLEAUT32.dll
[0711/190151.922:ERROR:process_memory_win.cc(73)] ReadMemory at 0x7ffb61000000 of 64 bytes failed: Запрос ReadProcessMemory или WriteProcessMemory был выполнен только частично. (0x12B)
[0711/190151.922:WARNING:pe_image_reader.cc(340)] could not read dos header from C:\Windows\System32\WINTRUST.dll
[0711/190151.922:ERROR:process_memory_win.cc(73)] ReadMemory at 0x7ffb5ff20000 of 64 bytes failed: Запрос ReadProcessMemory или WriteProcessMemory был выполнен только частично. (0x12B)
[0711/190151.922:WARNING:pe_image_reader.cc(340)] could not read dos header from C:\Windows\System32\MSASN1.dll
[0711/190151.922:ERROR:process_memory_win.cc(73)] ReadMemory at 0x7ffb60190000 of 64 bytes failed: Запрос ReadProcessMemory или WriteProcessMemory был выполнен только частично. (0x12B)
[0711/190151.922:WARNING:pe_image_reader.cc(340)] could not read dos header from C:\Windows\System32\CRYPT32.dll
[0711/190151.922:ERROR:process_memory_win.cc(73)] ReadMemory at 0x7ffb63670000 of 64 bytes failed: Запрос ReadProcessMemory или WriteProcessMemory был выполнен только частично. (0x12B)
[0711/190151.922:WARNING:pe_image_reader.cc(340)] could not read dos header from C:\Windows\System32\COMDLG32.dll
[0711/190151.922:ERROR:process_memory_win.cc(73)] ReadMemory at 0x7ffb5f4f0000 of 64 bytes failed: Запрос ReadProcessMemory или WriteProcessMemory был выполнен только частично. (0x12B)
[0711/190151.922:WARNING:pe_image_reader.cc(340)] could not read dos header from C:\Windows\SYSTEM32\IPHLPAPI.DLL
[0711/190151.922:ERROR:process_memory_win.cc(73)] ReadMemory at 0x7ffb4d090000 of 64 bytes failed: Запрос ReadProcessMemory или WriteProcessMemory был выполнен только частично. (0x12B)
[0711/190151.922:WARNING:pe_image_reader.cc(340)] could not read dos header from C:\Windows\SYSTEM32\OLEACC.dll
[0711/190151.922:ERROR:process_memory_win.cc(73)] ReadMemory at 0x7ffb53bb0000 of 64 bytes failed: Запрос ReadProcessMemory или WriteProcessMemory был выполнен только частично. (0x12B)
[0711/190151.922:WARNING:pe_image_reader.cc(340)] could not read dos header from C:\Windows\SYSTEM32\UIAutomationCore.DLL
[0711/190151.922:ERROR:process_memory_win.cc(73)] ReadMemory at 0x7ffb5eb70000 of 64 bytes failed: Запрос ReadProcessMemory или WriteProcessMemory был выполнен только частично. (0x12B)
[0711/190151.922:WARNING:pe_image_reader.cc(340)] could not read dos header from C:\Windows\SYSTEM32\WTSAPI32.dll
[0711/190151.922:ERROR:process_memory_win.cc(73)] ReadMemory at 0x7ffb48d50000 of 64 bytes failed: Запрос ReadProcessMemory или WriteProcessMemory был выполнен только частично. (0x12B)
[0711/190151.922:WARNING:pe_image_reader.cc(340)] could not read dos header from C:\Windows\SYSTEM32\DWrite.dll
[0711/190151.922:ERROR:process_memory_win.cc(73)] ReadMemory at 0x7ffb5ed60000 of 64 bytes failed: Запрос ReadProcessMemory или WriteProcessMemory был выполнен только частично. (0x12B)
[0711/190151.922:WARNING:pe_image_reader.cc(340)] could not read dos header from C:\Windows\SYSTEM32\dxgi.dll
[0711/190151.922:ERROR:process_memory_win.cc(73)] ReadMemory at 0x7ffb4d130000 of 64 bytes failed: Запрос ReadProcessMemory или WriteProcessMemory был выполнен только частично. (0x12B)
[0711/190151.922:WARNING:pe_image_reader.cc(340)] could not read dos header from C:\Windows\SYSTEM32\WINSPOOL.DRV
[0711/190151.922:ERROR:process_memory_win.cc(73)] ReadMemory at 0x7ffb61100000 of 64 bytes failed: Запрос ReadProcessMemory или WriteProcessMemory был выполнен только частично. (0x12B)
[0711/190151.922:WARNING:pe_image_reader.cc(340)] could not read dos header from C:\Windows\System32\bcrypt.dll
[0711/190151.922:ERROR:process_memory_win.cc(73)] ReadMemory at 0x7ffb58760000 of 64 bytes failed: Запрос ReadProcessMemory или WriteProcessMemory был выполнен только частично. (0x12B)
[0711/190151.922:WARNING:pe_image_reader.cc(340)] could not read dos header from C:\Windows\SYSTEM32\dbghelp.dll
[0711/190151.922:ERROR:process_memory_win.cc(73)] ReadMemory at 0x7ffb4c980000 of 64 bytes failed: Запрос ReadProcessMemory или WriteProcessMemory был выполнен только частично. (0x12B)
[0711/190151.922:WARNING:pe_image_reader.cc(340)] could not read dos header from C:\Windows\WinSxS\amd64_microsoft.windows.common-controls_6595b64144ccf1df_6.0.17763.615_none_05b4414a072024d4\COMCTL32.dll
[0711/190151.922:ERROR:process_memory_win.cc(73)] ReadMemory at 0x7ffb3c700000 of 64 bytes failed: Запрос ReadProcessMemory или WriteProcessMemory был выполнен только частично. (0x12B)
[0711/190151.922:WARNING:pe_image_reader.cc(340)] could not read dos header from C:\Windows\SYSTEM32\USP10.dll
[0711/190151.922:ERROR:process_memory_win.cc(73)] ReadMemory at 0x7ffb54530000 of 64 bytes failed: Запрос ReadProcessMemory или WriteProcessMemory был выполнен только частично. (0x12B)
[0711/190151.922:WARNING:pe_image_reader.cc(340)] could not read dos header from C:\Windows\SYSTEM32\WINHTTP.dll
[0711/190151.922:ERROR:process_memory_win.cc(73)] ReadMemory at 0x7ffb58c60000 of 64 bytes failed: Запрос ReadProcessMemory или WriteProcessMemory был выполнен только частично. (0x12B)
[0711/190151.923:WARNING:pe_image_reader.cc(340)] could not read dos header from C:\Windows\SYSTEM32\urlmon.dll
[0711/190151.923:ERROR:process_memory_win.cc(73)] ReadMemory at 0x7ffb5bb70000 of 64 bytes failed: Запрос ReadProcessMemory или WriteProcessMemory был выполнен только частично. (0x12B)
[0711/190151.923:WARNING:pe_image_reader.cc(340)] could not read dos header from C:\Windows\SYSTEM32\Secur32.dll
[0711/190151.923:ERROR:process_memory_win.cc(73)] ReadMemory at 0x7ffb5a280000 of 64 bytes failed: Запрос ReadProcessMemory или WriteProcessMemory был выполнен только частично. (0x12B)
[0711/190151.923:WARNING:pe_image_reader.cc(340)] could not read dos header from C:\Windows\SYSTEM32\dhcpcsvc.DLL
[0711/190151.923:ERROR:process_memory_win.cc(73)] ReadMemory at 0x7ffb63c90000 of 64 bytes failed: Запрос ReadProcessMemory или WriteProcessMemory был выполнен только частично. (0x12B)
[0711/190151.923:WARNING:pe_image_reader.cc(340)] could not read dos header from C:\Windows\System32\NSI.dll
[0711/190151.923:ERROR:process_memory_win.cc(73)] ReadMemory at 0x7ffb57240000 of 64 bytes failed: Запрос ReadProcessMemory или WriteProcessMemory был выполнен только частично. (0x12B)
[0711/190151.923:WARNING:pe_image_reader.cc(340)] could not read dos header from C:\Windows\SYSTEM32\Bcp47Langs.dll
[0711/190151.923:ERROR:process_memory_win.cc(73)] ReadMemory at 0x7ffb5d970000 of 64 bytes failed: Запрос ReadProcessMemory или WriteProcessMemory был выполнен только частично. (0x12B)
[0711/190151.923:WARNING:pe_image_reader.cc(340)] could not read dos header from C:\Windows\SYSTEM32\PROPSYS.dll
[0711/190151.923:ERROR:process_memory_win.cc(73)] ReadMemory at 0x7ffb58070000 of 64 bytes failed: Запрос ReadProcessMemory или WriteProcessMemory был выполнен только частично. (0x12B)
[0711/190151.923:WARNING:pe_image_reader.cc(340)] could not read dos header from C:\Windows\SYSTEM32\iertutil.dll
[0711/190151.923:ERROR:process_memory_win.cc(73)] ReadMemory at 0x7ffb5fe20000 of 64 bytes failed: Запрос ReadProcessMemory или WriteProcessMemory был выполнен только частично. (0x12B)
[0711/190151.923:WARNING:pe_image_reader.cc(340)] could not read dos header from C:\Windows\SYSTEM32\SSPICLI.DLL
[0711/190151.967:ERROR:process_memory_win.cc(73)] ReadMemory at 0xa1315fa000 of 24576 bytes failed: Запрос ReadProcessMemory или WriteProcessMemory был выполнен только частично. (0x12B)
[0711/190151.967:ERROR:process_memory_win.cc(73)] ReadMemory at 0xa1317fd000 of 12288 bytes failed: Запрос ReadProcessMemory или WriteProcessMemory был выполнен только частично. (0x12B)
[0711/190151.967:ERROR:process_memory_win.cc(73)] ReadMemory at 0xa1319fd000 of 12288 bytes failed: Запрос ReadProcessMemory или WriteProcessMemory был выполнен только частично. (0x12B)
[0711/190151.967:ERROR:process_memory_win.cc(73)] ReadMemory at 0xa131bfc000 of 16384 bytes failed: Запрос ReadProcessMemory или WriteProcessMemory был выполнен только частично. (0x12B)
[0711/190151.967:ERROR:process_memory_win.cc(73)] ReadMemory at 0xa131dfc000 of 16384 bytes failed: Запрос ReadProcessMemory или WriteProcessMemory был выполнен только частично. (0x12B)
[0711/190151.967:ERROR:process_memory_win.cc(73)] ReadMemory at 0xa131fff000 of 4096 bytes failed: Запрос ReadProcessMemory или WriteProcessMemory был выполнен только частично. (0x12B)
[0711/190151.967:ERROR:process_memory_win.cc(73)] ReadMemory at 0xa1321fd000 of 12288 bytes failed: Запрос ReadProcessMemory или WriteProcessMemory был выполнен только частично. (0x12B)
[0711/190151.967:ERROR:process_memory_win.cc(73)] ReadMemory at 0xa1323fd000 of 12288 bytes failed: Запрос ReadProcessMemory или WriteProcessMemory был выполнен только частично. (0x12B)
[0711/190151.968:ERROR:process_memory_win.cc(73)] ReadMemory at 0xa1325fd000 of 12288 bytes failed: Запрос ReadProcessMemory или WriteProcessMemory был выполнен только частично. (0x12B)
[0711/190151.968:ERROR:process_memory_win.cc(73)] ReadMemory at 0xa1327fd000 of 12288 bytes failed: Запрос ReadProcessMemory или WriteProcessMemory был выполнен только частично. (0x12B)
[0711/190151.968:ERROR:process_memory_win.cc(73)] ReadMemory at 0xa1329fd000 of 12288 bytes failed: Запрос ReadProcessMemory или WriteProcessMemory был выполнен только частично. (0x12B)
[0711/190151.968:ERROR:process_memory_win.cc(73)] ReadMemory at 0xa132bfd000 of 12288 bytes failed: Запрос ReadProcessMemory или WriteProcessMemory был выполнен только частично. (0x12B)
[0711/190151.968:ERROR:process_memory_win.cc(73)] ReadMemory at 0xa1312fe000 of 852 bytes failed: Запрос ReadProcessMemory или WriteProcessMemory был выполнен только частично. (0x12B)
[0711/190151.968:ERROR:process_memory_win.cc(73)] ReadMemory at 0xa1312ff000 of 6024 bytes failed: Запрос ReadProcessMemory или WriteProcessMemory был выполнен только частично. (0x12B)
[0711/190151.968:ERROR:process_memory_win.cc(73)] ReadMemory at 0xa131301000 of 6024 bytes failed: Запрос ReadProcessMemory или WriteProcessMemory был выполнен только частично. (0x12B)
[0711/190151.968:ERROR:process_memory_win.cc(73)] ReadMemory at 0xa131303000 of 6024 bytes failed: Запрос ReadProcessMemory или WriteProcessMemory был выполнен только частично. (0x12B)
[0711/190151.968:ERROR:process_memory_win.cc(73)] ReadMemory at 0xa131305000 of 6024 bytes failed: Запрос ReadProcessMemory или WriteProcessMemory был выполнен только частично. (0x12B)
[0711/190151.968:ERROR:process_memory_win.cc(73)] ReadMemory at 0xa131307000 of 6024 bytes failed: Запрос ReadProcessMemory или WriteProcessMemory был выполнен только частично. (0x12B)
[0711/190151.969:ERROR:process_memory_win.cc(73)] ReadMemory at 0xa131309000 of 6024 bytes failed: Запрос ReadProcessMemory или WriteProcessMemory был выполнен только частично. (0x12B)
[0711/190151.969:ERROR:process_memory_win.cc(73)] ReadMemory at 0xa13130b000 of 6024 bytes failed: Запрос ReadProcessMemory или WriteProcessMemory был выполнен только частично. (0x12B)
[0711/190151.969:ERROR:process_memory_win.cc(73)] ReadMemory at 0xa13130d000 of 6024 bytes failed: Запрос ReadProcessMemory или WriteProcessMemory был выполнен только частично. (0x12B)
[0711/190151.969:ERROR:process_memory_win.cc(73)] ReadMemory at 0xa13130f000 of 6024 bytes failed: Запрос ReadProcessMemory или WriteProcessMemory был выполнен только частично. (0x12B)
[0711/190151.969:ERROR:process_memory_win.cc(73)] ReadMemory at 0xa131311000 of 6024 bytes failed: Запрос ReadProcessMemory или WriteProcessMemory был выполнен только частично. (0x12B)
[0711/190151.969:ERROR:process_memory_win.cc(73)] ReadMemory at 0xa131313000 of 6024 bytes failed: Запрос ReadProcessMemory или WriteProcessMemory был выполнен только частично. (0x12B)
[0711/190151.969:ERROR:process_memory_win.cc(73)] ReadMemory at 0xa131315000 of 6024 bytes failed: Запрос ReadProcessMemory или WriteProcessMemory был выполнен только частично. (0x12B)
[0711/190151.969:ERROR:process_memory_win.cc(73)] ReadMemory at 0x25d8ab80fe0 of 3898 bytes failed: Запрос ReadProcessMemory или WriteProcessMemory был выполнен только частично. (0x12B)
[0711/190151.969:ERROR:process_memory_win.cc(73)] ReadMemory at 0x25d8ab81f30 of 1012 bytes failed: Запрос ReadProcessMemory или WriteProcessMemory был выполнен только частично. (0x12B)
[0711/190151.969:ERROR:process_memory_win.cc(73)] ReadMemory at 0x25d8ab82558 of 118 bytes failed: Запрос ReadProcessMemory или WriteProcessMemory был выполнен только частично. (0x12B)
[0711/190151.969:ERROR:process_memory_win.cc(73)] ReadMemory at 0x25d8ab825d0 of 1078 bytes failed: Запрос ReadProcessMemory или WriteProcessMemory был выполнен только частично. (0x12B)
[0711/190151.969:ERROR:process_memory_win.cc(73)] ReadMemory at 0x25d8ab82a08 of 118 bytes failed: Запрос ReadProcessMemory или WriteProcessMemory был выполнен только частично. (0x12B)
[0711/190151.969:ERROR:process_memory_win.cc(73)] ReadMemory at 0x25d8ab82a80 of 94 bytes failed: Запрос ReadProcessMemory или WriteProcessMemory был выполнен только частично. (0x12B)
[0711/190151.970:ERROR:process_memory_win.cc(73)] ReadMemory at 0x25d8ab82af0 of 58 bytes failed: Запрос ReadProcessMemory или WriteProcessMemory был выполнен только частично. (0x12B)
[0711/190151.970:ERROR:process_memory_win.cc(73)] ReadMemory at 0x25d8ab82bf0 of 132 bytes failed: Запрос ReadProcessMemory или WriteProcessMemory был выполнен только частично. (0x12B)
[0711/190151.970:ERROR:process_memory_win.cc(73)] ReadMemory at 0x25d8ab82d80 of 132 bytes failed: Запрос ReadProcessMemory или WriteProcessMemory был выполнен только частично. (0x12B)
[0711/190151.970:ERROR:process_memory_win.cc(73)] ReadMemory at 0x25d8ab82f40 of 126 bytes failed: Запрос ReadProcessMemory или WriteProcessMemory был выполнен только частично. (0x12B)
[0711/190151.970:ERROR:process_memory_win.cc(73)] ReadMemory at 0x25d8ab83320 of 132 bytes failed: Запрос ReadProcessMemory или WriteProcessMemory был выполнен только частично. (0x12B)
[0711/190151.970:ERROR:process_memory_win.cc(73)] ReadMemory at 0x25d8ab834b0 of 64 bytes failed: Запрос ReadProcessMemory или WriteProcessMemory был выполнен только частично. (0x12B)
[0711/190151.970:ERROR:process_memory_win.cc(73)] ReadMemory at 0x25d8ab83910 of 132 bytes failed: Запрос ReadProcessMemory или WriteProcessMemory был выполнен только частично. (0x12B)
[0711/190151.970:ERROR:process_memory_win.cc(73)] ReadMemory at 0x25d8ab83aa0 of 68 bytes failed: Запрос ReadProcessMemory или WriteProcessMemory был выполнен только частично. (0x12B)
[0711/190151.970:ERROR:process_memory_win.cc(73)] ReadMemory at 0x25d8ab84a20 of 132 bytes failed: Запрос ReadProcessMemory или WriteProcessMemory был выполнен только частично. (0x12B)
[0711/190151.970:ERROR:process_memory_win.cc(73)] ReadMemory at 0x25d8ab84b50 of 132 bytes failed: Запрос ReadProcessMemory или WriteProcessMemory был выполнен только частично. (0x12B)
[0711/190151.970:ERROR:process_memory_win.cc(73)] ReadMemory at 0x25d8ab84c80 of 62 bytes failed: Запрос ReadProcessMemory или WriteProcessMemory был выполнен только частично. (0x12B)
[0711/190151.970:ERROR:process_memory_win.cc(73)] ReadMemory at 0x25d8ab85060 of 132 bytes failed: Запрос ReadProcessMemory или WriteProcessMemory был выполнен только частично. (0x12B)
[0711/190151.970:ERROR:process_memory_win.cc(73)] ReadMemory at 0x25d8ab851f0 of 60 bytes failed: Запрос ReadProcessMemory или WriteProcessMemory был выполнен только частично. (0x12B)
[0711/190151.970:ERROR:process_memory_win.cc(73)] ReadMemory at 0x25d8ab85240 of 158 bytes failed: Запрос ReadProcessMemory или WriteProcessMemory был выполнен только частично. (0x12B)
[0711/190151.970:ERROR:process_memory_win.cc(73)] ReadMemory at 0x25d8ab85440 of 132 bytes failed: Запрос ReadProcessMemory или WriteProcessMemory был выполнен только частично. (0x12B)
[0711/190151.970:ERROR:process_memory_win.cc(73)] ReadMemory at 0x25d8ab855d0 of 64 bytes failed: Запрос ReadProcessMemory или WriteProcessMemory был выполнен только частично. (0x12B)
[0711/190151.971:ERROR:process_memory_win.cc(73)] ReadMemory at 0x25d8ab85850 of 132 bytes failed: Запрос ReadProcessMemory или WriteProcessMemory был выполнен только частично. (0x12B)
[0711/190151.971:ERROR:process_memory_win.cc(73)] ReadMemory at 0x25d8ab859e0 of 64 bytes failed: Запрос ReadProcessMemory или WriteProcessMemory был выполнен только частично. (0x12B)
[0711/190151.971:ERROR:process_memory_win.cc(73)] ReadMemory at 0x25d8ab85c40 of 132 bytes failed: Запрос ReadProcessMemory или WriteProcessMemory был выполнен только частично. (0x12B)
[0711/190151.971:ERROR:process_memory_win.cc(73)] ReadMemory at 0x25d8ab85dd0 of 60 bytes failed: Запрос ReadProcessMemory или WriteProcessMemory был выполнен только частично. (0x12B)
[0711/190151.971:ERROR:process_memory_win.cc(73)] ReadMemory at 0x25d8ab860e0 of 132 bytes failed: Запрос ReadProcessMemory или WriteProcessMemory был выполнен только частично. (0x12B)
[0711/190151.971:ERROR:process_memory_win.cc(73)] ReadMemory at 0x25d8ab86270 of 60 bytes failed: Запрос ReadProcessMemory или WriteProcessMemory был выполнен только частично. (0x12B)
[0711/190151.971:ERROR:process_memory_win.cc(73)] ReadMemory at 0x25d8ab864b0 of 132 bytes failed: Запрос ReadProcessMemory или WriteProcessMemory был выполнен только частично. (0x12B)
[0711/190151.971:ERROR:process_memory_win.cc(73)] ReadMemory at 0x25d8ab86640 of 62 bytes failed: Запрос ReadProcessMemory или WriteProcessMemory был выполнен только частично. (0x12B)
[0711/190151.971:ERROR:process_memory_win.cc(73)] ReadMemory at 0x25d8ab869c0 of 132 bytes failed: Запрос ReadProcessMemory или WriteProcessMemory был выполнен только частично. (0x12B)
[0711/190151.971:ERROR:process_memory_win.cc(73)] ReadMemory at 0x25d8ab86b50 of 80 bytes failed: Запрос ReadProcessMemory или WriteProcessMemory был выполнен только частично. (0x12B)
[0711/190151.971:ERROR:process_memory_win.cc(73)] ReadMemory at 0x25d8ab89190 of 132 bytes failed: Запрос ReadProcessMemory или WriteProcessMemory был выполнен только частично. (0x12B)
[0711/190151.971:ERROR:process_memory_win.cc(73)] ReadMemory at 0x25d8ab89730 of 76 bytes failed: Запрос ReadProcessMemory или WriteProcessMemory был выполнен только частично. (0x12B)
[0711/190151.971:ERROR:process_memory_win.cc(73)] ReadMemory at 0x25d8ab897f0 of 78 bytes failed: Запрос ReadProcessMemory или WriteProcessMemory был выполнен только частично. (0x12B)
[0711/190151.972:ERROR:process_memory_win.cc(73)] ReadMemory at 0x25d8ab8a710 of 132 bytes failed: Запрос ReadProcessMemory или WriteProcessMemory был выполнен только частично. (0x12B)
[0711/190151.972:ERROR:process_memory_win.cc(73)] ReadMemory at 0x25d8ab8a840 of 66 bytes failed: Запрос ReadProcessMemory или WriteProcessMemory был выполнен только частично. (0x12B)
[0711/190151.972:ERROR:process_memory_win.cc(73)] ReadMemory at 0x25d8ab8aa80 of 132 bytes failed: Запрос ReadProcessMemory или WriteProcessMemory был выполнен только частично. (0x12B)
[0711/190151.972:ERROR:process_memory_win.cc(73)] ReadMemory at 0x25d8ab8abb0 of 62 bytes failed: Запрос ReadProcessMemory или WriteProcessMemory был выполнен только частично. (0x12B)
[0711/190151.972:ERROR:process_memory_win.cc(73)] ReadMemory at 0x25d8ab8ae10 of 132 bytes failed: Запрос ReadProcessMemory или WriteProcessMemory был выполнен только частично. (0x12B)
[0711/190151.972:ERROR:process_memory_win.cc(73)] ReadMemory at 0x25d8ab8af40 of 64 bytes failed: Запрос ReadProcessMemory или WriteProcessMemory был выполнен только частично. (0x12B)
[0711/190151.972:ERROR:process_memory_win.cc(73)] ReadMemory at 0x25d8ab8b1d0 of 132 bytes failed: Запрос ReadProcessMemory или WriteProcessMemory был выполнен только частично. (0x12B)
[0711/190151.972:ERROR:process_memory_win.cc(73)] ReadMemory at 0x25d8ab8b300 of 132 bytes failed: Запрос ReadProcessMemory или WriteProcessMemory был выполнен только частично. (0x12B)
[0711/190151.972:ERROR:process_memory_win.cc(73)] ReadMemory at 0x25d8ab8b430 of 132 bytes failed: Запрос ReadProcessMemory или WriteProcessMemory был выполнен только частично. (0x12B)
[0711/190151.972:ERROR:process_memory_win.cc(73)] ReadMemory at 0x25d8ab8b560 of 132 bytes failed: Запрос ReadProcessMemory или WriteProcessMemory был выполнен только частично. (0x12B)
[0711/190151.972:ERROR:process_memory_win.cc(73)] ReadMemory at 0x25d8ab8b690 of 132 bytes failed: Запрос ReadProcessMemory или WriteProcessMemory был выполнен только частично. (0x12B)
[0711/190151.972:ERROR:process_memory_win.cc(73)] ReadMemory at 0x25d8ab8b7c0 of 132 bytes failed: Запрос ReadProcessMemory или WriteProcessMemory был выполнен только частично. (0x12B)
[0711/190151.972:ERROR:process_memory_win.cc(73)] ReadMemory at 0x25d8ab8b8f0 of 132 bytes failed: Запрос ReadProcessMemory или WriteProcessMemory был выполнен только частично. (0x12B)
[0711/190151.972:ERROR:process_memory_win.cc(73)] ReadMemory at 0x25d8ab8ba20 of 132 bytes failed: Запрос ReadProcessMemory или WriteProcessMemory был выполнен только частично. (0x12B)
[0711/190151.972:ERROR:process_memory_win.cc(73)] ReadMemory at 0x25d8ab8bb50 of 132 bytes failed: Запрос ReadProcessMemory или WriteProcessMemory был выполнен только частично. (0x12B)
[0711/190151.973:ERROR:process_memory_win.cc(73)] ReadMemory at 0x25d8ab8bc80 of 132 bytes failed: Запрос ReadProcessMemory или WriteProcessMemory был выполнен только частично. (0x12B)
[0711/190151.973:ERROR:process_memory_win.cc(73)] ReadMemory at 0x25d8ab8bdb0 of 132 bytes failed: Запрос ReadProcessMemory или WriteProcessMemory был выполнен только частично. (0x12B)
[0711/190151.973:ERROR:process_memory_win.cc(73)] ReadMemory at 0x25d8ab8bee0 of 132 bytes failed: Запрос ReadProcessMemory или WriteProcessMemory был выполнен только частично. (0x12B)
[0711/190151.973:ERROR:process_memory_win.cc(73)] ReadMemory at 0x25d8ab8c010 of 132 bytes failed: Запрос ReadProcessMemory или WriteProcessMemory был выполнен только частично. (0x12B)
[0711/190151.973:ERROR:process_memory_win.cc(73)] ReadMemory at 0x25d8ab8c230 of 58 bytes failed: Запрос ReadProcessMemory или WriteProcessMemory был выполнен только частично. (0x12B)
[0711/190151.973:ERROR:process_memory_win.cc(73)] ReadMemory at 0x25d8ab8c280 of 62 bytes failed: Запрос ReadProcessMemory или WriteProcessMemory был выполнен только частично. (0x12B)
[0711/190151.973:ERROR:process_memory_win.cc(73)] ReadMemory at 0x25d8ab8c2d0 of 62 bytes failed: Запрос ReadProcessMemory или WriteProcessMemory был выполнен только частично. (0x12B)
[0711/190151.973:ERROR:process_memory_win.cc(73)] ReadMemory at 0x25d8ab8c320 of 66 bytes failed: Запрос ReadProcessMemory или WriteProcessMemory был выполнен только частично. (0x12B)
[0711/190151.973:ERROR:process_memory_win.cc(73)] ReadMemory at 0x25d8ab8c460 of 58 bytes failed: Запрос ReadProcessMemory или WriteProcessMemory был выполнен только частично. (0x12B)
[0711/190151.973:ERROR:process_memory_win.cc(73)] ReadMemory at 0x25d8ab8c4b0 of 62 bytes failed: Запрос ReadProcessMemory или WriteProcessMemory был выполнен только частично. (0x12B)
[0711/190151.973:ERROR:process_memory_win.cc(73)] ReadMemory at 0x25d8ab8c550 of 66 bytes failed: Запрос ReadProcessMemory или WriteProcessMemory был выполнен только частично. (0x12B)
[0711/190151.973:ERROR:process_memory_win.cc(73)] ReadMemory at 0x25d8ab8c5f0 of 60 bytes failed: Запрос ReadProcessMemory или WriteProcessMemory был выполнен только частично. (0x12B)
[0711/190151.973:ERROR:process_memory_win.cc(73)] ReadMemory at 0x25d8ab8c640 of 62 bytes failed: Запрос ReadProcessMemory или WriteProcessMemory был выполнен только частично. (0x12B)
[0711/190151.973:ERROR:process_memory_win.cc(73)] ReadMemory at 0x25d8ab8c690 of 64 bytes failed: Запрос ReadProcessMemory или WriteProcessMemory был выполнен только частично. (0x12B)
[0711/190151.973:ERROR:process_memory_win.cc(73)] ReadMemory at 0x25d8ab8c7d0 of 60 bytes failed: Запрос ReadProcessMemory или WriteProcessMemory был выполнен только частично. (0x12B)
[0711/190151.973:ERROR:process_memory_win.cc(73)] ReadMemory at 0x25d8ab8c820 of 62 bytes failed: Запрос ReadProcessMemory или WriteProcessMemory был выполнен только частично. (0x12B)
[0711/190151.974:ERROR:process_memory_win.cc(73)] ReadMemory at 0x25d8ab8e3b0 of 154 bytes failed: Запрос ReadProcessMemory или WriteProcessMemory был выполнен только частично. (0x12B)
[0711/190151.974:ERROR:process_memory_win.cc(73)] ReadMemory at 0x25d8ab90760 of 132 bytes failed: Запрос ReadProcessMemory или WriteProcessMemory был выполнен только частично. (0x12B)
[0711/190151.974:ERROR:process_memory_win.cc(73)] ReadMemory at 0x25d8ab90890 of 132 bytes failed: Запрос ReadProcessMemory или WriteProcessMemory был выполнен только частично. (0x12B)
[0711/190151.974:ERROR:process_memory_win.cc(73)] ReadMemory at 0x25d8ab90af0 of 132 bytes failed: Запрос ReadProcessMemory или WriteProcessMemory был выполнен только частично. (0x12B)
[0711/190151.974:ERROR:process_memory_win.cc(73)] ReadMemory at 0x25d8ab90c20 of 132 bytes failed: Запрос ReadProcessMemory или WriteProcessMemory был выполнен только частично. (0x12B)
[0711/190151.974:ERROR:process_memory_win.cc(73)] ReadMemory at 0x25d8ab90d50 of 132 bytes failed: Запрос ReadProcessMemory или WriteProcessMemory был выполнен только частично. (0x12B)
[0711/190151.974:ERROR:process_memory_win.cc(73)] ReadMemory at 0x25d8ab90e80 of 132 bytes failed: Запрос ReadProcessMemory или WriteProcessMemory был выполнен только частично. (0x12B)
[0711/190151.974:ERROR:process_memory_win.cc(73)] ReadMemory at 0x25d8ab90fb0 of 132 bytes failed: Запрос ReadProcessMemory или WriteProcessMemory был выполнен только частично. (0x12B)
[0711/190151.974:ERROR:process_memory_win.cc(73)] ReadMemory at 0x25d8ab910e0 of 132 bytes failed: Запрос ReadProcessMemory или WriteProcessMemory был выполнен только частично. (0x12B)
[0711/190151.974:ERROR:process_memory_win.cc(73)] ReadMemory at 0x25d8ab91210 of 132 bytes failed: Запрос ReadProcessMemory или WriteProcessMemory был выполнен только частично. (0x12B)
[0711/190151.974:ERROR:process_memory_win.cc(73)] ReadMemory at 0x25d8ab91340 of 132 bytes failed: Запрос ReadProcessMemory или WriteProcessMemory был выполнен только частично. (0x12B)
[0711/190151.974:ERROR:process_memory_win.cc(73)] ReadMemory at 0x25d8ab91470 of 132 bytes failed: Запрос ReadProcessMemory или WriteProcessMemory был выполнен только частично. (0x12B)
[0711/190151.974:ERROR:process_memory_win.cc(73)] ReadMemory at 0x25d8ab915a0 of 132 bytes failed: Запрос ReadProcessMemory или WriteProcessMemory был выполнен только частично. (0x12B)
[0711/190151.974:ERROR:process_memory_win.cc(73)] ReadMemory at 0x25d8ab916d0 of 132 bytes failed: Запрос ReadProcessMemory или WriteProcessMemory был выполнен только частично. (0x12B)
[0711/190151.974:ERROR:process_memory_win.cc(73)] ReadMemory at 0x25d8ab91800 of 132 bytes failed: Запрос ReadProcessMemory или WriteProcessMemory был выполнен только частично. (0x12B)
[0711/190151.974:ERROR:process_memory_win.cc(73)] ReadMemory at 0x25d8ab91930 of 132 bytes failed: Запрос ReadProcessMemory или WriteProcessMemory был выполнен только частично. (0x12B)
[0711/190151.974:ERROR:process_memory_win.cc(73)] ReadMemory at 0x25d8ab91a60 of 132 bytes failed: Запрос ReadProcessMemory или WriteProcessMemory был выполнен только частично. (0x12B)
[0711/190151.974:ERROR:process_memory_win.cc(73)] ReadMemory at 0x25d8ab91b90 of 132 bytes failed: Запрос ReadProcessMemory или WriteProcessMemory был выполнен только частично. (0x12B)
[0711/190151.975:ERROR:process_memory_win.cc(73)] ReadMemory at 0x25d8ab91cc0 of 132 bytes failed: Запрос ReadProcessMemory или WriteProcessMemory был выполнен только частично. (0x12B)
[0711/190151.975:ERROR:process_memory_win.cc(73)] ReadMemory at 0x25d8ab91df0 of 132 bytes failed: Запрос ReadProcessMemory или WriteProcessMemory был выполнен только частично. (0x12B)
[0711/190151.975:ERROR:process_memory_win.cc(73)] ReadMemory at 0x25d8ab91f20 of 132 bytes failed: Запрос ReadProcessMemory или WriteProcessMemory был выполнен только частично. (0x12B)
[0711/190151.975:ERROR:process_memory_win.cc(73)] ReadMemory at 0x25d8ab92050 of 132 bytes failed: Запрос ReadProcessMemory или WriteProcessMemory был выполнен только частично. (0x12B)
[0711/190151.975:ERROR:process_memory_win.cc(73)] ReadMemory at 0x25d8ab92180 of 132 bytes failed: Запрос ReadProcessMemory или WriteProcessMemory был выполнен только частично. (0x12B)
[0711/190151.975:ERROR:process_memory_win.cc(73)] ReadMemory at 0x25d8ab922b0 of 132 bytes failed: Запрос ReadProcessMemory или WriteProcessMemory был выполнен только частично. (0x12B)
[0711/190151.975:ERROR:process_memory_win.cc(73)] ReadMemory at 0x25d8ab923e0 of 132 bytes failed: Запрос ReadProcessMemory или WriteProcessMemory был выполнен только частично. (0x12B)
[0711/190151.975:ERROR:process_memory_win.cc(73)] ReadMemory at 0x25d8ab92510 of 132 bytes failed: Запрос ReadProcessMemory или WriteProcessMemory был выполнен только частично. (0x12B)
[0711/190151.975:ERROR:process_memory_win.cc(73)] ReadMemory at 0x25d8ab93490 of 80 bytes failed: Запрос ReadProcessMemory или WriteProcessMemory был выполнен только частично. (0x12B)
[0711/190151.975:ERROR:process_memory_win.cc(73)] ReadMemory at 0x25d8ab93dd0 of 66 bytes failed: Запрос ReadProcessMemory или WriteProcessMemory был выполнен только частично. (0x12B)
[0711/190151.975:ERROR:process_memory_win.cc(73)] ReadMemory at 0x25d8ab944b0 of 58 bytes failed: Запрос ReadProcessMemory или WriteProcessMemory был выполнен только частично. (0x12B)
[0711/190151.975:ERROR:process_memory_win.cc(73)] ReadMemory at 0x25d8ab9cc20 of 54 bytes failed: Запрос ReadProcessMemory или WriteProcessMemory был выполнен только частично. (0x12B)
[0711/190151.975:ERROR:process_memory_win.cc(73)] ReadMemory at 0x25d8aba2d00 of 64 bytes failed: Запрос ReadProcessMemory или WriteProcessMemory был выполнен только частично. (0x12B)
[0711/190151.975:ERROR:process_memory_win.cc(73)] ReadMemory at 0x25d8aba2d50 of 60 bytes failed: Запрос ReadProcessMemory или WriteProcessMemory был выполнен только частично. (0x12B)
[0711/190151.975:ERROR:process_memory_win.cc(73)] ReadMemory at 0x25d8aba2da0 of 64 bytes failed: Запрос ReadProcessMemory или WriteProcessMemory был выполнен только частично. (0x12B)
[0711/190151.975:ERROR:process_memory_win.cc(73)] ReadMemory at 0x25d8aba2e40 of 64 bytes failed: Запрос ReadProcessMemory или WriteProcessMemory был выполнен только частично. (0x12B)
[0711/190151.976:ERROR:process_memory_win.cc(73)] ReadMemory at 0x25d8aba2e90 of 68 bytes failed: Запрос ReadProcessMemory или WriteProcessMemory был выполнен только частично. (0x12B)
[0711/190151.976:ERROR:process_memory_win.cc(73)] ReadMemory at 0x25d8aba3110 of 62 bytes failed: Запрос ReadProcessMemory или WriteProcessMemory был выполнен только частично. (0x12B)
[0711/190151.976:ERROR:process_memory_win.cc(73)] ReadMemory at 0x25d8aba3160 of 56 bytes failed: Запрос ReadProcessMemory или WriteProcessMemory был выполнен только частично. (0x12B)
[0711/190151.976:ERROR:process_memory_win.cc(73)] ReadMemory at 0x25d8aba31b0 of 64 bytes failed: Запрос ReadProcessMemory или WriteProcessMemory был выполнен только частично. (0x12B)
[0711/190151.976:ERROR:process_memory_win.cc(73)] ReadMemory at 0x25d8aba3200 of 62 bytes failed: Запрос ReadProcessMemory или WriteProcessMemory был выполнен только частично. (0x12B)
[0711/190151.976:ERROR:process_memory_win.cc(73)] ReadMemory at 0x25d8aba32f0 of 60 bytes failed: Запрос ReadProcessMemory или WriteProcessMemory был выполнен только частично. (0x12B)
[0711/190151.976:ERROR:process_memory_win.cc(73)] ReadMemory at 0x25d8aba3430 of 62 bytes failed: Запрос ReadProcessMemory или WriteProcessMemory был выполнен только частично. (0x12B)
[0711/190151.977:ERROR:process_memory_win.cc(73)] ReadMemory at 0x25d8aba3570 of 58 bytes failed: Запрос ReadProcessMemory или WriteProcessMemory был выполнен только частично. (0x12B)
[0711/190151.977:ERROR:process_memory_win.cc(73)] ReadMemory at 0x25d8aba36b0 of 64 bytes failed: Запрос ReadProcessMemory или WriteProcessMemory был выполнен только частично. (0x12B)
[0711/190151.977:ERROR:process_memory_win.cc(73)] ReadMemory at 0x25d8aba37f0 of 62 bytes failed: Запрос ReadProcessMemory или WriteProcessMemory был выполнен только частично. (0x12B)
[0711/190151.977:ERROR:process_memory_win.cc(73)] ReadMemory at 0x25d8aba3930 of 64 bytes failed: Запрос ReadProcessMemory или WriteProcessMemory был выполнен только частично. (0x12B)
[0711/190151.977:ERROR:process_memory_win.cc(73)] ReadMemory at 0x25d8aba3980 of 62 bytes failed: Запрос ReadProcessMemory или WriteProcessMemory был выполнен только частично. (0x12B)
[0711/190151.977:ERROR:process_memory_win.cc(73)] ReadMemory at 0x25d8aba39d0 of 60 bytes failed: Запрос ReadProcessMemory или WriteProcessMemory был выполнен только частично. (0x12B)
[0711/190151.977:ERROR:process_memory_win.cc(73)] ReadMemory at 0x25d8aba3a20 of 64 bytes failed: Запрос ReadProcessMemory или WriteProcessMemory был выполнен только частично. (0x12B)
[0711/190151.978:ERROR:process_memory_win.cc(73)] ReadMemory at 0x25d8aba3a70 of 58 bytes failed: Запрос ReadProcessMemory или WriteProcessMemory был выполнен только частично. (0x12B)
[0711/190151.978:ERROR:process_memory_win.cc(73)] ReadMemory at 0x25d8aba3ac0 of 62 bytes failed: Запрос ReadProcessMemory или WriteProcessMemory был выполнен только частично. (0x12B)
[0711/190151.978:ERROR:process_memory_win.cc(73)] ReadMemory at 0x25d8aba3b10 of 60 bytes failed: Запрос ReadProcessMemory или WriteProcessMemory был выполнен только частично. (0x12B)
[0711/190151.978:ERROR:process_memory_win.cc(73)] ReadMemory at 0x25d8aba3b60 of 60 bytes failed: Запрос ReadProcessMemory или WriteProcessMemory был выполнен только частично. (0x12B)
[0711/190151.978:ERROR:process_memory_win.cc(73)] ReadMemory at 0x25d8aba3bb0 of 60 bytes failed: Запрос ReadProcessMemory или WriteProcessMemory был выполнен только частично. (0x12B)
[0711/190151.978:ERROR:process_memory_win.cc(73)] ReadMemory at 0x25d8aba3c00 of 64 bytes failed: Запрос ReadProcessMemory или WriteProcessMemory был выполнен только частично. (0x12B)
[0711/190151.978:ERROR:process_memory_win.cc(73)] ReadMemory at 0x25d8aba55c0 of 132 bytes failed: Запрос ReadProcessMemory или WriteProcessMemory был выполнен только частично. (0x12B)
[0711/190151.978:ERROR:process_memory_win.cc(73)] ReadMemory at 0x25d8aba5a80 of 132 bytes failed: Запрос ReadProcessMemory или WriteProcessMemory был выполнен только частично. (0x12B)
[0711/190151.978:ERROR:process_memory_win.cc(73)] ReadMemory at 0x25d8aba5e10 of 132 bytes failed: Запрос ReadProcessMemory или WriteProcessMemory был выполнен только частично. (0x12B)
[0711/190151.978:ERROR:process_memory_win.cc(73)] ReadMemory at 0x25d8aba62d0 of 132 bytes failed: Запрос ReadProcessMemory или WriteProcessMemory был выполнен только частично. (0x12B)
[0711/190151.978:ERROR:process_memory_win.cc(73)] ReadMemory at 0x25d8aba7110 of 132 bytes failed: Запрос ReadProcessMemory или WriteProcessMemory был выполнен только частично. (0x12B)
[0711/190151.979:ERROR:process_memory_win.cc(73)] ReadMemory at 0x25d8aba7630 of 246 bytes failed: Запрос ReadProcessMemory или WriteProcessMemory был выполнен только частично. (0x12B)
[0711/190151.979:ERROR:process_memory_win.cc(73)] ReadMemory at 0x25d8aba7ad0 of 512 bytes failed: Запрос ReadProcessMemory или WriteProcessMemory был выполнен только частично. (0x12B)
[0711/190151.979:ERROR:process_memory_win.cc(73)] ReadMemory at 0x25d8abba260 of 512 bytes failed: Запрос ReadProcessMemory или WriteProcessMemory был выполнен только частично. (0x12B)
[0711/190151.979:ERROR:process_memory_win.cc(73)] ReadMemory at 0x25d8b383e10 of 512 bytes failed: Запрос ReadProcessMemory или WriteProcessMemory был выполнен только частично. (0x12B)
[0711/190151.979:ERROR:process_memory_win.cc(73)] ReadMemory at 0x25d8b393490 of 512 bytes failed: Запрос ReadProcessMemory или WriteProcessMemory был выполнен только частично. (0x12B)
[0711/190151.979:ERROR:process_memory_win.cc(73)] ReadMemory at 0x25d8b3b1430 of 712 bytes failed: Запрос ReadProcessMemory или WriteProcessMemory был выполнен только частично. (0x12B)
[0711/190151.979:ERROR:process_memory_win.cc(73)] ReadMemory at 0x25d8b3b19d0 of 512 bytes failed: Запрос ReadProcessMemory или WriteProcessMemory был выполнен только частично. (0x12B)
[0711/190151.979:ERROR:process_memory_win.cc(73)] ReadMemory at 0x25d8b3d0f50 of 512 bytes failed: Запрос ReadProcessMemory или WriteProcessMemory был выполнен только частично. (0x12B)
[0711/190151.979:ERROR:process_memory_win.cc(73)] ReadMemory at 0x25d8b3d26b0 of 512 bytes failed: Запрос ReadProcessMemory или WriteProcessMemory был выполнен только частично. (0x12B)
[0711/190151.979:ERROR:process_memory_win.cc(73)] ReadMemory at 0x25d8b3d2b80 of 512 bytes failed: Запрос ReadProcessMemory или WriteProcessMemory был выполнен только частично. (0x12B)
[0711/190151.979:ERROR:process_memory_win.cc(73)] ReadMemory at 0x25d8e2b8cd0 of 512 bytes failed: Запрос ReadProcessMemory или WriteProcessMemory был выполнен только частично. (0x12B)
[0711/190151.980:ERROR:process_memory_win.cc(73)] ReadMemory at 0x7ffb19bb078c of 512 bytes failed: Запрос ReadProcessMemory или WriteProcessMemory был выполнен только частично. (0x12B)
[0711/190151.980:ERROR:process_memory_win.cc(73)] ReadMemory at 0x7ffb1d217e48 of 512 bytes failed: Запрос ReadProcessMemory или WriteProcessMemory был выполнен только частично. (0x12B)
[0711/190151.980:ERROR:process_memory_win.cc(73)] ReadMemory at 0x7ffb1d218598 of 512 bytes failed: Запрос ReadProcessMemory или WriteProcessMemory был выполнен только частично. (0x12B)
[0711/190151.980:ERROR:process_memory_win.cc(73)] ReadMemory at 0x7ffb6038355b of 512 bytes failed: Запрос ReadProcessMemory или WriteProcessMemory был выполнен только частично. (0x12B)
[0711/190151.980:ERROR:process_memory_win.cc(73)] ReadMemory at 0x7ffb603e8670 of 512 bytes failed: Запрос ReadProcessMemory или WriteProcessMemory был выполнен только частично. (0x12B)
[0711/190151.980:ERROR:process_memory_win.cc(73)] ReadMemory at 0x7ffb606490a9 of 512 bytes failed: Запрос ReadProcessMemory или WriteProcessMemory был выполнен только частично. (0x12B)
[0711/190151.980:ERROR:process_memory_win.cc(73)] ReadMemory at 0x7ffb617721f0 of 512 bytes failed: Запрос ReadProcessMemory или WriteProcessMemory был выполнен только частично. (0x12B)
[0711/190151.980:ERROR:process_memory_win.cc(73)] ReadMemory at 0x7ffb63f6ff00 of 512 bytes failed: Запрос ReadProcessMemory или WriteProcessMemory был выполнен только частично. (0x12B)
[0711/190151.980:ERROR:process_memory_win.cc(73)] ReadMemory at 0x7ffb63fbf764 of 672 bytes failed: Запрос ReadProcessMemory или WriteProcessMemory был выполнен только частично. (0x12B)
[0711/190151.980:ERROR:process_memory_win.cc(73)] ReadMemory at 0x7ffb63fbfd64 of 512 bytes failed: Запрос ReadProcessMemory или WriteProcessMemory был выполнен только частично. (0x12B)
[0711/190151.980:ERROR:process_memory_win.cc(73)] ReadMemory at 0x7ffb63fc2ff4 of 608 bytes failed: Запрос ReadProcessMemory или WriteProcessMemory был выполнен только частично. (0x12B)
[0711/190151.980:ERROR:process_memory_win.cc(73)] ReadMemory at 0x7ffb6404c0c8 of 18 bytes failed: Запрос ReadProcessMemory или WriteProcessMemory был выполнен только частично. (0x12B)
[0711/190151.980:ERROR:process_memory_win.cc(73)] ReadMemory at 0x7ffb6407f4f8 of 40 bytes failed: Запрос ReadProcessMemory или WriteProcessMemory был выполнен только частично. (0x12B)
[0711/190151.980:ERROR:process_memory_win.cc(73)] ReadMemory at 0x7ffb6407f978 of 48 bytes failed: Запрос ReadProcessMemory или WriteProcessMemory был выполнен только частично. (0x12B)
[0711/190151.980:ERROR:process_memory_win.cc(73)] ReadMemory at 0x7ffb640853a0 of 64 bytes failed: Запрос ReadProcessMemory или WriteProcessMemory был выполнен только частично. (0x12B)
[0711/190151.983:ERROR:scoped_process_suspend.cc(40)] NtResumeProcess: Попытка доступа к процессу, выполняющему процедуру завершения. (0xc000010a)
[0711/203304.358:ERROR:process_info.cc(359)] UncheckedAllocate
[0711/203309.019:ERROR:process_info.cc(359)] UncheckedAllocate
[0711/203309.020:ERROR:process_info.cc(359)] UncheckedAllocate
[0711/204106.066:ERROR:process_info.cc(359)] UncheckedAllocate
[0711/204106.074:ERROR:file_io.cc(134)] WriteFile: Недостаточная квота для завершения операции. (0x5AD)
[0711/204106.074:ERROR:crash_report_exception_handler.cc(111)] WriteEverything failed
[0711/204106.075:ERROR:filesystem_win.cc(148)] DeleteFile C:\Users\hp\AppData\Local\Google\Chrome\User Data\Crashpad\reports\2c86bf7c-e9d1-47a1-a810-30f97e27a4d4.dmp: Процесс не может получить доступ к файлу, так как этот файл занят другим процессом. (0x20)
[0711/204118.429:ERROR:process_info.cc(359)] UncheckedAllocate
[0711/204118.475:ERROR:process_info.cc(359)] UncheckedAllocate
